#
# There is insufficient memory for the Java Runtime Environment to continue.
# Native memory allocation (malloc) failed to allocate 32744 bytes for ChunkPool::allocate
# Possible reasons:
#   The system is out of physical RAM or swap space
#   In 32 bit mode, the process size limit was hit
# Possible solutions:
#   Reduce memory load on the system
#   Increase physical memory or swap space
#   Check if swap backing store is full
#   Use 64 bit Java on a 64 bit OS
#   Decrease Java heap size (-Xmx/-Xms)
#   Decrease number of Java threads
#   Decrease Java thread stack sizes (-Xss)
#   Set larger code cache with -XX:ReservedCodeCacheSize=
# This output file may be truncated or incomplete.
#
#  Out of Memory Error (allocation.cpp:273), pid=21736, tid=0x0000000000002ef8
#
# JRE version: Java(TM) SE Runtime Environment (8.0_161-b12) (build 1.8.0_161-b12)
# Java VM: Java HotSpot(TM) 64-Bit Server VM (25.161-b12 mixed mode windows-amd64 compressed oops)
# Failed to write core dump. Minidumps are not enabled by default on client versions of Windows
#

---------------  T H R E A D  ---------------

Current thread (0x000000001a238000):  JavaThread "C2 CompilerThread0" daemon [_thread_in_native, id=12024, stack(0x000000001a860000,0x000000001a960000)]

Stack: [0x000000001a860000,0x000000001a960000]
[error occurred during error reporting (printing stack bounds), id 0xc0000005]

Native frames: (J=compiled Java code, j=interpreted, Vv=VM code, C=native code)


Current CompileTask:
C2:   9724 3464       4       org.springframework.beans.factory.annotation.AutowiredAnnotationBeanPostProcessor::findAutowiredAnnotation (57 bytes)


---------------  P R O C E S S  ---------------

Java Threads: ( => current thread )
  0x000000001c5e5000 JavaThread "DestroyJavaVM" [_thread_blocked, id=22724, stack(0x0000000002cd0000,0x0000000002dd0000)]
  0x000000001c5e9800 JavaThread "http-nio-8080-Acceptor" daemon [_thread_in_native, id=20748, stack(0x00000000212d0000,0x00000000213d0000)]
  0x000000001c5e5800 JavaThread "http-nio-8080-ClientPoller" daemon [_thread_in_native, id=4732, stack(0x00000000211d0000,0x00000000212d0000)]
  0x000000001c5e6800 JavaThread "http-nio-8080-exec-10" daemon [_thread_blocked, id=3552, stack(0x00000000210d0000,0x00000000211d0000)]
  0x000000001c5e7000 JavaThread "http-nio-8080-exec-9" daemon [_thread_blocked, id=17424, stack(0x0000000020fd0000,0x00000000210d0000)]
  0x000000001c5e4000 JavaThread "http-nio-8080-exec-8" daemon [_thread_blocked, id=22688, stack(0x0000000020ed0000,0x0000000020fd0000)]
  0x000000001c5e8800 JavaThread "http-nio-8080-exec-7" daemon [_thread_blocked, id=19708, stack(0x0000000020dd0000,0x0000000020ed0000)]
  0x000000001c5e2800 JavaThread "http-nio-8080-exec-6" daemon [_thread_blocked, id=22488, stack(0x0000000020cd0000,0x0000000020dd0000)]
  0x000000001c5e3800 JavaThread "http-nio-8080-exec-5" daemon [_thread_blocked, id=17636, stack(0x0000000020bd0000,0x0000000020cd0000)]
  0x000000001c5e8000 JavaThread "http-nio-8080-exec-4" daemon [_thread_blocked, id=16204, stack(0x00000000209d0000,0x0000000020ad0000)]
  0x000000001e616800 JavaThread "http-nio-8080-exec-3" daemon [_thread_blocked, id=3752, stack(0x00000000208d0000,0x00000000209d0000)]
  0x000000001e7c0800 JavaThread "http-nio-8080-exec-2" daemon [_thread_blocked, id=24436, stack(0x00000000207d0000,0x00000000208d0000)]
  0x000000001af3a000 JavaThread "http-nio-8080-exec-1" daemon [_thread_blocked, id=20352, stack(0x00000000206d0000,0x00000000207d0000)]
  0x000000001e13f000 JavaThread "http-nio-8080-BlockPoller" daemon [_thread_in_native, id=12756, stack(0x0000000020380000,0x0000000020480000)]
  0x000000001e2d6000 JavaThread "container-0" [_thread_blocked, id=14000, stack(0x0000000020080000,0x0000000020180000)]
  0x000000001b29f000 JavaThread "Catalina-utility-2" [_thread_blocked, id=22732, stack(0x000000001fd50000,0x000000001fe50000)]
  0x000000001dc56800 JavaThread "Catalina-utility-1" [_thread_blocked, id=24264, stack(0x000000001fc50000,0x000000001fd50000)]
  0x000000001a33d000 JavaThread "Service Thread" daemon [_thread_blocked, id=23016, stack(0x000000001ac60000,0x000000001ad60000)]
  0x000000001a2a9800 JavaThread "C1 CompilerThread3" daemon [_thread_in_native, id=17792, stack(0x000000001ab60000,0x000000001ac60000)]
  0x000000001a2a3800 JavaThread "C2 CompilerThread2" daemon [_thread_in_native, id=12412, stack(0x000000001aa60000,0x000000001ab60000)]
  0x000000001a2a1000 JavaThread "C2 CompilerThread1" daemon [_thread_in_native, id=16804, stack(0x000000001a960000,0x000000001aa60000)]
=>0x000000001a238000 JavaThread "C2 CompilerThread0" daemon [_thread_in_native, id=12024, stack(0x000000001a860000,0x000000001a960000)]
  0x000000001a1cd000 JavaThread "Monitor Ctrl-Break" daemon [_thread_in_native, id=21008, stack(0x000000001a760000,0x000000001a860000)]
  0x0000000019f8f000 JavaThread "Attach Listener" daemon [_thread_blocked, id=7492, stack(0x000000001a660000,0x000000001a760000)]
  0x0000000019f8e000 JavaThread "Signal Dispatcher" daemon [_thread_blocked, id=988, stack(0x000000001a560000,0x000000001a660000)]
  0x000000000311d800 JavaThread "Finalizer" daemon [_thread_blocked, id=5904, stack(0x000000001a360000,0x000000001a460000)]
  0x000000000311c000 JavaThread "Reference Handler" daemon [_thread_blocked, id=9860, stack(0x0000000019e60000,0x0000000019f60000)]

Other Threads:
  0x0000000018099800 VMThread [stack: 0x0000000019d60000,0x0000000019e60000] [id=13404]
  0x000000001adf2800 WatcherThread [stack: 0x000000001b560000,0x000000001b660000] [id=22520]

VM state:not at safepoint (normal execution)

VM Mutex/Monitor currently owned by a thread: None

Heap:
 PSYoungGen      total 109568K, used 28827K [0x00000000d5f00000, 0x00000000e0680000, 0x0000000100000000)
  eden space 98816K, 29% used [0x00000000d5f00000,0x00000000d7b26d20,0x00000000dbf80000)
  from space 10752K, 0% used [0x00000000dbf80000,0x00000000dbf80000,0x00000000dca00000)
  to   space 12288K, 0% used [0x00000000dfa80000,0x00000000dfa80000,0x00000000e0680000)
 ParOldGen       total 97280K, used 14668K [0x0000000081c00000, 0x0000000087b00000, 0x00000000d5f00000)
  object space 97280K, 15% used [0x0000000081c00000,0x0000000082a53288,0x0000000087b00000)
 Metaspace       used 35686K, capacity 37292K, committed 37416K, reserved 1081344K
  class space    used 4655K, capacity 4953K, committed 5040K, reserved 1048576K

Card table byte_map: [0x00000000124e0000,0x00000000128e0000] byte_map_base: 0x00000000120d2000

Marking Bits: (ParMarkBitMap*) 0x000000005126f860
 Begin Bits: [0x0000000013390000, 0x0000000015320000)
 End Bits:   [0x0000000015320000, 0x00000000172b0000)

Polling page: 0x0000000002dd0000

CodeCache: size=245760Kb used=12720Kb max_used=12748Kb free=233039Kb
 bounds [0x0000000003120000, 0x0000000003da0000, 0x0000000012120000]
 total_blobs=3934 nmethods=3514 adapters=331
 compilation: enabled

Compilation events (10 events):
Event: 9.614 Thread 0x000000001a2a9800 nmethod 3532 0x0000000003235650 code [0x00000000032357c0, 0x00000000032359c8]
Event: 9.615 Thread 0x000000001a2a9800 3533       3       java.lang.invoke.InfoFromMemberName::getName (8 bytes)
Event: 9.616 Thread 0x000000001a2a9800 nmethod 3533 0x00000000032238d0 code [0x0000000003223a60, 0x0000000003223f88]
Event: 9.616 Thread 0x000000001a2a9800 3534       3       java.lang.invoke.TypeConvertingMethodAdapter::<init> (8 bytes)
Event: 9.617 Thread 0x000000001a2a9800 nmethod 3534 0x0000000003235150 code [0x00000000032352c0, 0x0000000003235510]
Event: 9.617 Thread 0x000000001a2a9800 3535       3       jdk.internal.org.objectweb.asm.MethodVisitor::visitCode (15 bytes)
Event: 9.618 Thread 0x000000001a2a9800 nmethod 3535 0x0000000003223450 code [0x00000000032235c0, 0x0000000003223828]
Event: 9.618 Thread 0x000000001a2a9800 3538       3       java.lang.invoke.Invokers::checkGenericType (16 bytes)
Event: 9.619 Thread 0x000000001a2a9800 nmethod 3538 0x0000000003d97410 code [0x0000000003d975a0, 0x0000000003d97ba8]
Event: 9.620 Thread 0x000000001a2a9800 3540       3       org.apache.catalina.core.DefaultInstanceManager::findLifecycleCallback (126 bytes)

GC Heap History (10 events):
Event: 3.540 GC heap before
{Heap before GC invocations=5 (full 1):
 PSYoungGen      total 71680K, used 5093K [0x00000000d5f00000, 0x00000000daa00000, 0x0000000100000000)
  eden space 66560K, 0% used [0x00000000d5f00000,0x00000000d5f00000,0x00000000da000000)
  from space 5120K, 99% used [0x00000000da500000,0x00000000da9f9440,0x00000000daa00000)
  to   space 5120K, 0% used [0x00000000da000000,0x00000000da000000,0x00000000da500000)
 ParOldGen       total 87552K, used 5537K [0x0000000081c00000, 0x0000000087180000, 0x00000000d5f00000)
  object space 87552K, 6% used [0x0000000081c00000,0x00000000821685f0,0x0000000087180000)
 Metaspace       used 20731K, capacity 21216K, committed 21296K, reserved 1067008K
  class space    used 2678K, capacity 2819K, committed 2864K, reserved 1048576K
Event: 3.594 GC heap after
Heap after GC invocations=5 (full 1):
 PSYoungGen      total 71680K, used 0K [0x00000000d5f00000, 0x00000000daa00000, 0x0000000100000000)
  eden space 66560K, 0% used [0x00000000d5f00000,0x00000000d5f00000,0x00000000da000000)
  from space 5120K, 0% used [0x00000000da500000,0x00000000da500000,0x00000000daa00000)
  to   space 5120K, 0% used [0x00000000da000000,0x00000000da000000,0x00000000da500000)
 ParOldGen       total 60928K, used 7859K [0x0000000081c00000, 0x0000000085780000, 0x00000000d5f00000)
  object space 60928K, 12% used [0x0000000081c00000,0x00000000823acc30,0x0000000085780000)
 Metaspace       used 20729K, capacity 21210K, committed 21296K, reserved 1067008K
  class space    used 2678K, capacity 2818K, committed 2864K, reserved 1048576K
}
Event: 5.387 GC heap before
{Heap before GC invocations=6 (full 1):
 PSYoungGen      total 71680K, used 66560K [0x00000000d5f00000, 0x00000000daa00000, 0x0000000100000000)
  eden space 66560K, 100% used [0x00000000d5f00000,0x00000000da000000,0x00000000da000000)
  from space 5120K, 0% used [0x00000000da500000,0x00000000da500000,0x00000000daa00000)
  to   space 5120K, 0% used [0x00000000da000000,0x00000000da000000,0x00000000da500000)
 ParOldGen       total 60928K, used 7859K [0x0000000081c00000, 0x0000000085780000, 0x00000000d5f00000)
  object space 60928K, 12% used [0x0000000081c00000,0x00000000823acc30,0x0000000085780000)
 Metaspace       used 26575K, capacity 27402K, committed 27440K, reserved 1073152K
  class space    used 3413K, capacity 3614K, committed 3632K, reserved 1048576K
Event: 5.405 GC heap after
Heap after GC invocations=6 (full 1):
 PSYoungGen      total 71680K, used 5102K [0x00000000d5f00000, 0x00000000dd300000, 0x0000000100000000)
  eden space 66560K, 0% used [0x00000000d5f00000,0x00000000d5f00000,0x00000000da000000)
  from space 5120K, 99% used [0x00000000da000000,0x00000000da4fbb78,0x00000000da500000)
  to   space 9216K, 0% used [0x00000000dca00000,0x00000000dca00000,0x00000000dd300000)
 ParOldGen       total 60928K, used 10179K [0x0000000081c00000, 0x0000000085780000, 0x00000000d5f00000)
  object space 60928K, 16% used [0x0000000081c00000,0x00000000825f0ff8,0x0000000085780000)
 Metaspace       used 26575K, capacity 27402K, committed 27440K, reserved 1073152K
  class space    used 3413K, capacity 3614K, committed 3632K, reserved 1048576K
}
Event: 7.614 GC heap before
{Heap before GC invocations=7 (full 1):
 PSYoungGen      total 71680K, used 71662K [0x00000000d5f00000, 0x00000000dd300000, 0x0000000100000000)
  eden space 66560K, 100% used [0x00000000d5f00000,0x00000000da000000,0x00000000da000000)
  from space 5120K, 99% used [0x00000000da000000,0x00000000da4fbb78,0x00000000da500000)
  to   space 9216K, 0% used [0x00000000dca00000,0x00000000dca00000,0x00000000dd300000)
 ParOldGen       total 60928K, used 10179K [0x0000000081c00000, 0x0000000085780000, 0x00000000d5f00000)
  object space 60928K, 16% used [0x0000000081c00000,0x00000000825f0ff8,0x0000000085780000)
 Metaspace       used 31005K, capacity 32324K, committed 32432K, reserved 1077248K
  class space    used 3958K, capacity 4229K, committed 4272K, reserved 1048576K
Event: 7.641 GC heap after
Heap after GC invocations=7 (full 1):
 PSYoungGen      total 108032K, used 9192K [0x00000000d5f00000, 0x00000000dd500000, 0x0000000100000000)
  eden space 98816K, 0% used [0x00000000d5f00000,0x00000000d5f00000,0x00000000dbf80000)
  from space 9216K, 99% used [0x00000000dca00000,0x00000000dd2fa0a8,0x00000000dd300000)
  to   space 10752K, 0% used [0x00000000dbf80000,0x00000000dbf80000,0x00000000dca00000)
 ParOldGen       total 60928K, used 10775K [0x0000000081c00000, 0x0000000085780000, 0x00000000d5f00000)
  object space 60928K, 17% used [0x0000000081c00000,0x0000000082685fa0,0x0000000085780000)
 Metaspace       used 31005K, capacity 32324K, committed 32432K, reserved 1077248K
  class space    used 3958K, capacity 4229K, committed 4272K, reserved 1048576K
}
Event: 8.958 GC heap before
{Heap before GC invocations=8 (full 1):
 PSYoungGen      total 108032K, used 58055K [0x00000000d5f00000, 0x00000000dd500000, 0x0000000100000000)
  eden space 98816K, 49% used [0x00000000d5f00000,0x00000000d8eb7e38,0x00000000dbf80000)
  from space 9216K, 99% used [0x00000000dca00000,0x00000000dd2fa0a8,0x00000000dd300000)
  to   space 10752K, 0% used [0x00000000dbf80000,0x00000000dbf80000,0x00000000dca00000)
 ParOldGen       total 60928K, used 10775K [0x0000000081c00000, 0x0000000085780000, 0x00000000d5f00000)
  object space 60928K, 17% used [0x0000000081c00000,0x0000000082685fa0,0x0000000085780000)
 Metaspace       used 33899K, capacity 35394K, committed 35496K, reserved 1081344K
  class space    used 4372K, capacity 4656K, committed 4656K, reserved 1048576K
Event: 8.978 GC heap after
Heap after GC invocations=8 (full 1):
 PSYoungGen      total 109568K, used 10738K [0x00000000d5f00000, 0x00000000e0680000, 0x0000000100000000)
  eden space 98816K, 0% used [0x00000000d5f00000,0x00000000d5f00000,0x00000000dbf80000)
  from space 10752K, 99% used [0x00000000dbf80000,0x00000000dc9fc988,0x00000000dca00000)
  to   space 12288K, 0% used [0x00000000dfa80000,0x00000000dfa80000,0x00000000e0680000)
 ParOldGen       total 60928K, used 10825K [0x0000000081c00000, 0x0000000085780000, 0x00000000d5f00000)
  object space 60928K, 17% used [0x0000000081c00000,0x00000000826926e8,0x0000000085780000)
 Metaspace       used 33899K, capacity 35394K, committed 35496K, reserved 1081344K
  class space    used 4372K, capacity 4656K, committed 4656K, reserved 1048576K
}
Event: 8.978 GC heap before
{Heap before GC invocations=9 (full 2):
 PSYoungGen      total 109568K, used 10738K [0x00000000d5f00000, 0x00000000e0680000, 0x0000000100000000)
  eden space 98816K, 0% used [0x00000000d5f00000,0x00000000d5f00000,0x00000000dbf80000)
  from space 10752K, 99% used [0x00000000dbf80000,0x00000000dc9fc988,0x00000000dca00000)
  to   space 12288K, 0% used [0x00000000dfa80000,0x00000000dfa80000,0x00000000e0680000)
 ParOldGen       total 60928K, used 10825K [0x0000000081c00000, 0x0000000085780000, 0x00000000d5f00000)
  object space 60928K, 17% used [0x0000000081c00000,0x00000000826926e8,0x0000000085780000)
 Metaspace       used 33899K, capacity 35394K, committed 35496K, reserved 1081344K
  class space    used 4372K, capacity 4656K, committed 4656K, reserved 1048576K
Event: 9.126 GC heap after
Heap after GC invocations=9 (full 2):
 PSYoungGen      total 109568K, used 0K [0x00000000d5f00000, 0x00000000e0680000, 0x0000000100000000)
  eden space 98816K, 0% used [0x00000000d5f00000,0x00000000d5f00000,0x00000000dbf80000)
  from space 10752K, 0% used [0x00000000dbf80000,0x00000000dbf80000,0x00000000dca00000)
  to   space 12288K, 0% used [0x00000000dfa80000,0x00000000dfa80000,0x00000000e0680000)
 ParOldGen       total 97280K, used 14668K [0x0000000081c00000, 0x0000000087b00000, 0x00000000d5f00000)
  object space 97280K, 15% used [0x0000000081c00000,0x0000000082a53288,0x0000000087b00000)
 Metaspace       used 33899K, capacity 35394K, committed 35496K, reserved 1081344K
  class space    used 4372K, capacity 4656K, committed 4656K, reserved 1048576K
}

Deoptimization events (10 events):
Event: 7.836 Thread 0x0000000003026000 Uncommon trap: reason=bimorphic action=maybe_recompile pc=0x000000000373e830 method=java.util.Hashtable.get(Ljava/lang/Object;)Ljava/lang/Object; @ 6
Event: 7.836 Thread 0x0000000003026000 Uncommon trap: reason=bimorphic action=maybe_recompile pc=0x000000000373e830 method=java.util.Hashtable.get(Ljava/lang/Object;)Ljava/lang/Object; @ 6
Event: 8.004 Thread 0x0000000003026000 Uncommon trap: reason=unstable_if action=reinterpret pc=0x000000000398de14 method=java.lang.reflect.Method.equals(Ljava/lang/Object;)Z @ 1
Event: 8.578 Thread 0x0000000003026000 Uncommon trap: reason=unstable_if action=reinterpret pc=0x0000000003a8d108 method=org.springframework.beans.factory.support.AbstractBeanFactory.isTypeMatch(Ljava/lang/String;Lorg/springframework/core/ResolvableType;)Z @ 26
Event: 8.654 Thread 0x0000000003026000 Uncommon trap: reason=unstable_if action=reinterpret pc=0x00000000039db0a4 method=org.springframework.beans.factory.support.DefaultSingletonBeanRegistry.getSingleton(Ljava/lang/String;Z)Ljava/lang/Object; @ 47
Event: 8.792 Thread 0x0000000003026000 Uncommon trap: reason=unstable_if action=reinterpret pc=0x0000000003c7be2c method=org.springframework.asm.MethodVisitor.visitLabel(Lorg/springframework/asm/Label;)V @ 4
Event: 9.215 Thread 0x0000000003026000 Uncommon trap: reason=class_check action=maybe_recompile pc=0x0000000003980694 method=java.util.AbstractList$Itr.hasNext()Z @ 8
Event: 9.217 Thread 0x0000000003026000 Uncommon trap: reason=class_check action=maybe_recompile pc=0x0000000003980694 method=java.util.AbstractList$Itr.hasNext()Z @ 8
Event: 9.448 Thread 0x0000000003026000 Uncommon trap: reason=unstable_if action=reinterpret pc=0x0000000003d4cf60 method=org.springframework.cglib.core.CodeEmitter.emit_invoke(ILorg/springframework/asm/Type;Lorg/springframework/cglib/core/Signature;)V @ 24
Event: 9.546 Thread 0x0000000003026000 Uncommon trap: reason=unstable_if action=reinterpret pc=0x0000000003c60b94 method=org.springframework.util.ConcurrentReferenceHashMap$Segment.clear()V @ 4

Classes redefined (0 events):
No events

Internal exceptions (10 events):
Event: 8.878 Thread 0x0000000003026000 Exception <a 'java/lang/ClassNotFoundException': java/lang/ObjectCustomizer> (0x00000000d8988588) thrown at [C:\re\workspace\8-2-build-windows-amd64-cygwin\jdk8u161\10277\hotspot\src\share\vm\classfile\systemDictionary.cpp, line 210]
Event: 8.879 Thread 0x0000000003026000 Exception <a 'java/lang/ClassNotFoundException': org/springframework/security/config/annotation/web/configuration/WebSecurityConfigurationCustomizer> (0x00000000d89a7478) thrown at [C:\re\workspace\8-2-build-windows-amd64-cygwin\jdk8u161\10277\hotspot\src
Event: 8.881 Thread 0x0000000003026000 Exception <a 'java/lang/ClassNotFoundException': org/springframework/security/config/annotation/web/configuration/WebSecurityConfiguration$$EnhancerBySpringCGLIB$$2ef17193Customizer> (0x00000000d89d5ac8) thrown at [C:\re\workspace\8-2-build-windows-amd64-
Event: 8.882 Thread 0x0000000003026000 Exception <a 'java/lang/ClassNotFoundException': org/springframework/context/annotation/ConfigurationClassEnhancer$EnhancedConfigurationCustomizer> (0x00000000d89fc850) thrown at [C:\re\workspace\8-2-build-windows-amd64-cygwin\jdk8u161\10277\hotspot\src\s
Event: 8.883 Thread 0x0000000003026000 Exception <a 'java/lang/ClassNotFoundException': org/springframework/beans/factory/BeanFactoryAwareCustomizer> (0x00000000d8a0f820) thrown at [C:\re\workspace\8-2-build-windows-amd64-cygwin\jdk8u161\10277\hotspot\src\share\vm\classfile\systemDictionary.cp
Event: 8.884 Thread 0x0000000003026000 Exception <a 'java/lang/ClassNotFoundException': org/springframework/beans/factory/AwareCustomizer> (0x00000000d8a21500) thrown at [C:\re\workspace\8-2-build-windows-amd64-cygwin\jdk8u161\10277\hotspot\src\share\vm\classfile\systemDictionary.cpp, line 210
Event: 8.885 Thread 0x0000000003026000 Exception <a 'java/lang/ClassNotFoundException': org/springframework/context/annotation/ImportAwareCustomizer> (0x00000000d8a343e0) thrown at [C:\re\workspace\8-2-build-windows-amd64-cygwin\jdk8u161\10277\hotspot\src\share\vm\classfile\systemDictionary.cp
Event: 8.885 Thread 0x0000000003026000 Exception <a 'java/lang/ClassNotFoundException': org/springframework/beans/factory/AwareCustomizer> (0x00000000d8a45ca8) thrown at [C:\re\workspace\8-2-build-windows-amd64-cygwin\jdk8u161\10277\hotspot\src\share\vm\classfile\systemDictionary.cpp, line 210
Event: 8.886 Thread 0x0000000003026000 Exception <a 'java/lang/ClassNotFoundException': org/springframework/beans/factory/BeanClassLoaderAwareCustomizer> (0x00000000d8a59860) thrown at [C:\re\workspace\8-2-build-windows-amd64-cygwin\jdk8u161\10277\hotspot\src\share\vm\classfile\systemDictionar
Event: 8.887 Thread 0x0000000003026000 Exception <a 'java/lang/ClassNotFoundException': org/springframework/beans/factory/AwareCustomizer> (0x00000000d8a6b108) thrown at [C:\re\workspace\8-2-build-windows-amd64-cygwin\jdk8u161\10277\hotspot\src\share\vm\classfile\systemDictionary.cpp, line 210

Events (10 events):
Event: 9.629 loading class org/apache/jasper/compiler/TagPluginManager
Event: 9.629 loading class org/apache/jasper/compiler/TagPluginManager done
Event: 9.630 loading class org/apache/jasper/compiler/Node$Visitor
Event: 9.630 loading class org/apache/jasper/compiler/Node$Visitor done
Event: 9.631 loading class org/apache/jasper/compiler/TagPluginManager$NodeVisitor
Event: 9.631 loading class org/apache/jasper/compiler/TagPluginManager$NodeVisitor done
Event: 9.632 loading class org/apache/jasper/compiler/tagplugin/TagPluginContext
Event: 9.632 loading class org/apache/jasper/compiler/tagplugin/TagPluginContext done
Event: 9.634 loading class org/apache/jasper/servlet/JspCServletContext
Event: 9.634 loading class org/apache/jasper/servlet/JspCServletContext done


Dynamic libraries:
0x00007ff7f3b10000 - 0x00007ff7f3b47000 	C:\Program Files\Java\jdk1.8.0_161\bin\java.exe
0x00007fff30200000 - 0x00007fff303ed000 	C:\WINDOWS\SYSTEM32\ntdll.dll
0x00007fff2ef90000 - 0x00007fff2f043000 	C:\WINDOWS\System32\KERNEL32.DLL
0x00007fff2d060000 - 0x00007fff2d2f5000 	C:\WINDOWS\System32\KERNELBASE.dll
0x00007fff2f6d0000 - 0x00007fff2f773000 	C:\WINDOWS\System32\ADVAPI32.dll
0x00007fff2eef0000 - 0x00007fff2ef8e000 	C:\WINDOWS\System32\msvcrt.dll
0x00007fff2fbd0000 - 0x00007fff2fc6e000 	C:\WINDOWS\System32\sechost.dll
0x00007fff2f050000 - 0x00007fff2f172000 	C:\WINDOWS\System32\RPCRT4.dll
0x00007fff2ec50000 - 0x00007fff2ede7000 	C:\WINDOWS\System32\USER32.dll
0x00007fff2c460000 - 0x00007fff2c480000 	C:\WINDOWS\System32\win32u.dll
0x00007fff2d6c0000 - 0x00007fff2d6e9000 	C:\WINDOWS\System32\GDI32.dll
0x00007fff2c660000 - 0x00007fff2c7f9000 	C:\WINDOWS\System32\gdi32full.dll
0x00007fff2c340000 - 0x00007fff2c3e0000 	C:\WINDOWS\System32\msvcp_win.dll
0x00007fff2d380000 - 0x00007fff2d47a000 	C:\WINDOWS\System32\ucrtbase.dll
0x00007fff17b50000 - 0x00007fff17dc9000 	C:\WINDOWS\WinSxS\amd64_microsoft.windows.common-controls_6595b64144ccf1df_6.0.17763.1158_none_de722d88534a897f\COMCTL32.dll
0x00007fff2fc70000 - 0x00007fff2ff9c000 	C:\WINDOWS\System32\combase.dll
0x00007fff2d300000 - 0x00007fff2d37e000 	C:\WINDOWS\System32\bcryptPrimitives.dll
0x00007fff2ffa0000 - 0x00007fff2ffce000 	C:\WINDOWS\System32\IMM32.DLL
0x0000000052e80000 - 0x0000000052f52000 	C:\Program Files\Java\jdk1.8.0_161\jre\bin\msvcr100.dll
0x0000000050a50000 - 0x00000000512ef000 	C:\Program Files\Java\jdk1.8.0_161\jre\bin\server\jvm.dll
0x00007fff2f780000 - 0x00007fff2f788000 	C:\WINDOWS\System32\PSAPI.DLL
0x00007fff21c30000 - 0x00007fff21c3a000 	C:\WINDOWS\SYSTEM32\VERSION.dll
0x00007fff256f0000 - 0x00007fff256f9000 	C:\WINDOWS\SYSTEM32\WSOCK32.dll
0x00007fff25d20000 - 0x00007fff25d44000 	C:\WINDOWS\SYSTEM32\WINMM.dll
0x00007fff30160000 - 0x00007fff301cd000 	C:\WINDOWS\System32\WS2_32.dll
0x00007fff25c90000 - 0x00007fff25cbd000 	C:\WINDOWS\SYSTEM32\winmmbase.dll
0x00007fff2c410000 - 0x00007fff2c45a000 	C:\WINDOWS\System32\cfgmgr32.dll
0x0000000052e70000 - 0x0000000052e7f000 	C:\Program Files\Java\jdk1.8.0_161\jre\bin\verify.dll
0x0000000052e40000 - 0x0000000052e69000 	C:\Program Files\Java\jdk1.8.0_161\jre\bin\java.dll
0x0000000052df0000 - 0x0000000052e13000 	C:\Program Files\Java\jdk1.8.0_161\jre\bin\instrument.dll
0x0000000052e20000 - 0x0000000052e36000 	C:\Program Files\Java\jdk1.8.0_161\jre\bin\zip.dll
0x00007fff2d6f0000 - 0x00007fff2ebe4000 	C:\WINDOWS\System32\SHELL32.dll
0x00007fff2f790000 - 0x00007fff2f838000 	C:\WINDOWS\System32\shcore.dll
0x00007fff2c910000 - 0x00007fff2d05d000 	C:\WINDOWS\System32\windows.storage.dll
0x00007fff2c310000 - 0x00007fff2c334000 	C:\WINDOWS\System32\profapi.dll
0x00007fff2c290000 - 0x00007fff2c2ed000 	C:\WINDOWS\System32\powrprof.dll
0x00007fff2edf0000 - 0x00007fff2ee42000 	C:\WINDOWS\System32\shlwapi.dll
0x00007fff2c2f0000 - 0x00007fff2c301000 	C:\WINDOWS\System32\kernel.appcore.dll
0x00007fff2d480000 - 0x00007fff2d497000 	C:\WINDOWS\System32\cryptsp.dll
0x00007fff25e70000 - 0x00007fff25e8a000 	C:\Program Files\JetBrains\IntelliJ IDEA Community Edition 2019.3.3\bin\breakgen64.dll
0x0000000052dd0000 - 0x0000000052dea000 	C:\Program Files\Java\jdk1.8.0_161\jre\bin\net.dll
0x00007fff2ba80000 - 0x00007fff2bae7000 	C:\WINDOWS\system32\mswsock.dll
0x0000000052da0000 - 0x0000000052dad000 	C:\Program Files\Java\jdk1.8.0_161\jre\bin\management.dll
0x00007fff221f0000 - 0x00007fff22206000 	C:\WINDOWS\system32\napinsp.dll
0x00007fff22180000 - 0x00007fff2219a000 	C:\WINDOWS\system32\pnrpnsp.dll
0x00007fff2b7e0000 - 0x00007fff2b8a7000 	C:\WINDOWS\SYSTEM32\DNSAPI.dll
0x00007fff2ee50000 - 0x00007fff2ee58000 	C:\WINDOWS\System32\NSI.dll
0x00007fff2b7a0000 - 0x00007fff2b7dd000 	C:\WINDOWS\SYSTEM32\IPHLPAPI.DLL
0x00007fff20f10000 - 0x00007fff20f1e000 	C:\WINDOWS\System32\winrnr.dll
0x00007fff27e00000 - 0x00007fff27e1b000 	C:\WINDOWS\system32\NLAapi.dll
0x00007fff26e00000 - 0x00007fff26e15000 	C:\WINDOWS\system32\wshbth.dll
0x00007fff24900000 - 0x00007fff2490a000 	C:\Windows\System32\rasadhlp.dll
0x00007fff24e80000 - 0x00007fff24ef9000 	C:\WINDOWS\System32\fwpuclnt.dll
0x00007fff2c3e0000 - 0x00007fff2c406000 	C:\WINDOWS\System32\bcrypt.dll
0x0000000052db0000 - 0x0000000052dc1000 	C:\Program Files\Java\jdk1.8.0_161\jre\bin\nio.dll
0x00007fff2b600000 - 0x00007fff2b633000 	C:\WINDOWS\system32\rsaenh.dll
0x00007fff2c1a0000 - 0x00007fff2c1c8000 	C:\WINDOWS\SYSTEM32\USERENV.dll
0x00007fff2bc50000 - 0x00007fff2bc5c000 	C:\WINDOWS\SYSTEM32\CRYPTBASE.dll
0x00007fff25130000 - 0x00007fff25146000 	C:\WINDOWS\SYSTEM32\dhcpcsvc6.DLL
0x00007fff25170000 - 0x00007fff2518c000 	C:\WINDOWS\SYSTEM32\dhcpcsvc.DLL

VM Arguments:
jvm_args: -javaagent:C:\Program Files\JetBrains\IntelliJ IDEA Community Edition 2019.3.3\lib\idea_rt.jar=50401:C:\Program Files\JetBrains\IntelliJ IDEA Community Edition 2019.3.3\bin -Dfile.encoding=UTF-8 
java_command: com.training.domain.DemoApplication
java_class_path (initial): C:\Program Files\Java\jdk1.8.0_161\jre\lib\charsets.jar;C:\Program Files\Java\jdk1.8.0_161\jre\lib\deploy.jar;C:\Program Files\Java\jdk1.8.0_161\jre\lib\ext\access-bridge-64.jar;C:\Program Files\Java\jdk1.8.0_161\jre\lib\ext\cldrdata.jar;C:\Program Files\Java\jdk1.8.0_161\jre\lib\ext\dnsns.jar;C:\Program Files\Java\jdk1.8.0_161\jre\lib\ext\jaccess.jar;C:\Program Files\Java\jdk1.8.0_161\jre\lib\ext\jfxrt.jar;C:\Program Files\Java\jdk1.8.0_161\jre\lib\ext\localedata.jar;C:\Program Files\Java\jdk1.8.0_161\jre\lib\ext\nashorn.jar;C:\Program Files\Java\jdk1.8.0_161\jre\lib\ext\sunec.jar;C:\Program Files\Java\jdk1.8.0_161\jre\lib\ext\sunjce_provider.jar;C:\Program Files\Java\jdk1.8.0_161\jre\lib\ext\sunmscapi.jar;C:\Program Files\Java\jdk1.8.0_161\jre\lib\ext\sunpkcs11.jar;C:\Program Files\Java\jdk1.8.0_161\jre\lib\ext\zipfs.jar;C:\Program Files\Java\jdk1.8.0_161\jre\lib\javaws.jar;C:\Program Files\Java\jdk1.8.0_161\jre\lib\jce.jar;C:\Program Files\Java\jdk1.8.0_161\jre\lib\jfr.jar;C:\Program Files\Java\jdk1.8.0_161\jre\lib\jfxswt.jar;C:\Program Files\Java\jdk1.8.0_161\jre\lib\jsse.jar;C:\Program Files\Java\jdk1.8.0_161\jre\lib\management-agent.jar;C:\Program Files\Java\jdk1.8.0_161\jre\lib\plugin.jar;C:\Program Files\Java\jdk1.8.0_161\jre\lib\resources.jar;C:\Program Files\Java\jdk1.8.0_161\jre\lib\rt.jar;C:\Users\Anas\Desktop\Spring boot MVC with Jasper\target\classes;C:\Users\Anas\.m2\repository\org\springframework\boot\spring-boot-starter-web\2.1.6.RELEASE\spring-boot-starter-web-2.1.6.RELEASE.jar;C:\Users\Anas\.m2\repository\org\springframework\boot\spring-boot-starter\2.1.6.RELEASE\spring-boot-starter-2.1.6.RELEASE.jar;C:\Users\Anas\.m2\repository\org\springframework\boot\spring-boot\2.1.6.RELEASE\spring-boot-2.1.6.RELEASE.jar;C:\Users\Anas\.m2\repository\org\springframework\boot\spring-boot-autoconfigure\2.1.6.RELEASE\spring-boot-autoconfigure-2.1.6.RELEASE.jar;C:\Users\Anas\.m2\repository\org\springframework\boot\spring-boot-starter-lo
Launcher Type: SUN_STANDARD

Environment Variables:
JAVA_HOME=C:\Program Files\Java\jdk1.7.0_80
PATH=C:\Program Files (x86)\Common Files\Intel\Shared Libraries\redist\intel64_win\compiler;C:\ProgramData\Oracle\Java\javapath;C:\Program Files (x86)\NVIDIA Corporation\PhysX\Common;C:\Program Files (x86)\Intel\iCLS Client\;C:\Program Files\Intel\iCLS Client\;C:\WINDOWS\system32;C:\WINDOWS;C:\WINDOWS\System32\Wbem;C:\WINDOWS\System32\WindowsPowerShell\v1.0\;C:\Program Files\Intel\Intel(R) Management Engine Components\DAL;C:\Program Files\Intel\Intel(R) Management Engine Components\IPT;C:\Program Files (x86)\Intel\Intel(R) Management Engine Components\DAL;C:\Program Files (x86)\Intel\Intel(R) Management Engine Components\IPT;C:\Program Files (x86)\Intel\OpenCL SDK\2.0\bin\x86;C:\Program Files (x86)\Intel\OpenCL SDK\2.0\bin\x64;C:\Program Files (x86)\Windows Live\Shared;C:\Program Files\Condusiv Technologies\IntelliMemory\;C:\Program Files\nodejs\;C:\Program Files\Intel\WiFi\bin\;C:\Program Files\Common Files\Intel\WirelessCommon\;C:\Program Files\Git\cmd;C:\wamp64\bin\php\php5.6.31;C:\ProgramData\ComposerSetup\bin;C:\WINDOWS\System32\OpenSSH\;C:\Program Files (x86)\Brackets\command;C:\Users\Anas\Anaconda3;C:\Users\Anas\Anaconda3\Library\mingw-w64\bin;C:\Users\Anas\Anaconda3\Library\usr\bin;C:\Users\Anas\Anaconda3\Library\bin;C:\Users\Anas\Anaconda3\Scripts;C:\Users\Anas\AppData\Roaming\npm;C:\Program Files\Microsoft VS Code\bin;C:\Users\Anas\AppData\Roaming\Composer\vendor\bin;C:\Users\Anas\AppData\Local\Microsoft\WindowsApps;C:\Users\Anas\AppData\Local\Google\Cloud SDK\google-cloud-sdk\bin;C:\Program Files\JetBrains\IntelliJ IDEA Community Edition 2019.3.3\bin;;C:\Program Files\JetBrains\IntelliJ IDEA 2019.3.4\bin;
USERNAME=Anas
OS=Windows_NT
PROCESSOR_IDENTIFIER=Intel64 Family 6 Model 58 Stepping 9, GenuineIntel



---------------  S Y S T E M  ---------------

OS: Windows 10.0 , 64 bit Build 17763 (10.0.17763.1158)

CPU:total 8 (initial active 8) (4 cores per cpu, 2 threads per core) family 6 model 58 stepping 9, cmov, cx8, fxsr, mmx, sse, sse2, sse3, ssse3, sse4.1, sse4.2, popcnt, avx, aes, clmul, erms, ht, tsc, tscinvbit, tscinv

Memory: 4k page, physical 8273372k(1116500k free), swap 33439196k(3336k free)

vm_info: Java HotSpot(TM) 64-Bit Server VM (25.161-b12) for windows-amd64 JRE (1.8.0_161-b12), built on Dec 19 2017 17:52:25 by "java_re" with MS VC++ 10.0 (VS2010)

time: Mon Apr 20 04:31:02 2020
elapsed time: 9 seconds (0d 0h 0m 9s)

